-------------------------------------------------------------------------------
Test set: com.citi.dao.UserMapperTest
-------------------------------------------------------------------------------
Tests run: 4, Failures: 0, Errors: 2, Skipped: 0, Time elapsed: 9.826 s <<< FAILURE! - in com.citi.dao.UserMapperTest
selectUserById  Time elapsed: 2.488 s  <<< ERROR!
org.mybatis.spring.MyBatisSystemException: 
nested exception is org.apache.ibatis.exceptions.PersistenceException: 
### Error querying database.  Cause: org.springframework.jdbc.CannotGetJdbcConnectionException: Failed to obtain JDBC Connection; nested exception is java.sql.SQLException: Unknown error 1045
### The error may exist in file [C:\Users\JOY\Desktop\group3\target\classes\mapper\user-mapper.xml]
### The error may involve com.citi.dao.UserMapper.selectUserById
### The error occurred while executing a query
### Cause: org.springframework.jdbc.CannotGetJdbcConnectionException: Failed to obtain JDBC Connection; nested exception is java.sql.SQLException: Unknown error 1045
	at com.citi.dao.UserMapperTest.selectUserById(UserMapperTest.java:55)
Caused by: org.apache.ibatis.exceptions.PersistenceException: 

### Error querying database.  Cause: org.springframework.jdbc.CannotGetJdbcConnectionException: Failed to obtain JDBC Connection; nested exception is java.sql.SQLException: Unknown error 1045
### The error may exist in file [C:\Users\JOY\Desktop\group3\target\classes\mapper\user-mapper.xml]
### The error may involve com.citi.dao.UserMapper.selectUserById
### The error occurred while executing a query
### Cause: org.springframework.jdbc.CannotGetJdbcConnectionException: Failed to obtain JDBC Connection; nested exception is java.sql.SQLException: Unknown error 1045
	at com.citi.dao.UserMapperTest.selectUserById(UserMapperTest.java:55)
Caused by: org.springframework.jdbc.CannotGetJdbcConnectionException: Failed to obtain JDBC Connection; nested exception is java.sql.SQLException: Unknown error 1045
	at com.citi.dao.UserMapperTest.selectUserById(UserMapperTest.java:55)
Caused by: java.sql.SQLException: Unknown error 1045
	at com.citi.dao.UserMapperTest.selectUserById(UserMapperTest.java:55)

insertUser  Time elapsed: 0.88 s  <<< ERROR!
org.mybatis.spring.MyBatisSystemException: 
nested exception is org.apache.ibatis.exceptions.PersistenceException: 
### Error updating database.  Cause: org.springframework.jdbc.CannotGetJdbcConnectionException: Failed to obtain JDBC Connection; nested exception is java.sql.SQLException: Unknown error 1045
### The error may exist in file [C:\Users\JOY\Desktop\group3\target\classes\mapper\user-mapper.xml]
### The error may involve com.citi.dao.UserMapper.insertUser
### The error occurred while executing an update
### Cause: org.springframework.jdbc.CannotGetJdbcConnectionException: Failed to obtain JDBC Connection; nested exception is java.sql.SQLException: Unknown error 1045
	at com.citi.dao.UserMapperTest.insertUser(UserMapperTest.java:38)
Caused by: org.apache.ibatis.exceptions.PersistenceException: 

### Error updating database.  Cause: org.springframework.jdbc.CannotGetJdbcConnectionException: Failed to obtain JDBC Connection; nested exception is java.sql.SQLException: Unknown error 1045
### The error may exist in file [C:\Users\JOY\Desktop\group3\target\classes\mapper\user-mapper.xml]
### The error may involve com.citi.dao.UserMapper.insertUser
### The error occurred while executing an update
### Cause: org.springframework.jdbc.CannotGetJdbcConnectionException: Failed to obtain JDBC Connection; nested exception is java.sql.SQLException: Unknown error 1045
	at com.citi.dao.UserMapperTest.insertUser(UserMapperTest.java:38)
Caused by: org.springframework.jdbc.CannotGetJdbcConnectionException: Failed to obtain JDBC Connection; nested exception is java.sql.SQLException: Unknown error 1045
	at com.citi.dao.UserMapperTest.insertUser(UserMapperTest.java:38)
Caused by: java.sql.SQLException: Unknown error 1045
	at com.citi.dao.UserMapperTest.insertUser(UserMapperTest.java:38)

